2021-06-26 14:54:44.915  INFO 96702 --- [           main] com.example.demo.SareetaApplication      : Starting SareetaApplication on MBP-de-Jiahao.home with PID 96702 (/Users/Hao21/Documents/WorkSpace/JavaWebProjects/nd035-c4-Security-and-DevOps/starter_code/target/classes started by Hao21 in /Users/Hao21/Documents/WorkSpace/JavaWebProjects/nd035-c4-Security-and-DevOps/starter_code)
2021-06-26 14:54:44.923  INFO 96702 --- [           main] com.example.demo.SareetaApplication      : No active profile set, falling back to default profiles: default
2021-06-26 14:54:45.883  INFO 96702 --- [           main] .s.d.r.c.RepositoryConfigurationDelegate : Bootstrapping Spring Data repositories in DEFAULT mode.
2021-06-26 14:54:45.961  INFO 96702 --- [           main] .s.d.r.c.RepositoryConfigurationDelegate : Finished Spring Data repository scanning in 65ms. Found 4 repository interfaces.
2021-06-26 14:54:46.526  INFO 96702 --- [           main] trationDelegate$BeanPostProcessorChecker : Bean 'org.springframework.transaction.annotation.ProxyTransactionManagementConfiguration' of type [org.springframework.transaction.annotation.ProxyTransactionManagementConfiguration$$EnhancerBySpringCGLIB$$e95818d0] is not eligible for getting processed by all BeanPostProcessors (for example: not eligible for auto-proxying)
2021-06-26 14:54:46.839  INFO 96702 --- [           main] o.s.b.w.embedded.tomcat.TomcatWebServer  : Tomcat initialized with port(s): 8080 (http)
2021-06-26 14:54:46.871  INFO 96702 --- [           main] o.apache.catalina.core.StandardService   : Starting service [Tomcat]
2021-06-26 14:54:46.871  INFO 96702 --- [           main] org.apache.catalina.core.StandardEngine  : Starting Servlet engine: [Apache Tomcat/9.0.19]
2021-06-26 14:54:47.028  INFO 96702 --- [           main] o.a.c.c.C.[Tomcat].[localhost].[/]       : Initializing Spring embedded WebApplicationContext
2021-06-26 14:54:47.028  INFO 96702 --- [           main] o.s.web.context.ContextLoader            : Root WebApplicationContext: initialization completed in 1989 ms
2021-06-26 14:54:47.228  INFO 96702 --- [           main] com.zaxxer.hikari.HikariDataSource       : HikariPool-1 - Starting...
2021-06-26 14:54:47.439  INFO 96702 --- [           main] com.zaxxer.hikari.HikariDataSource       : HikariPool-1 - Start completed.
2021-06-26 14:54:47.496  INFO 96702 --- [           main] o.hibernate.jpa.internal.util.LogHelper  : HHH000204: Processing PersistenceUnitInfo [
	name: default
	...]
2021-06-26 14:54:47.663  INFO 96702 --- [           main] org.hibernate.Version                    : HHH000412: Hibernate Core {5.3.10.Final}
2021-06-26 14:54:47.664  INFO 96702 --- [           main] org.hibernate.cfg.Environment            : HHH000206: hibernate.properties not found
2021-06-26 14:54:47.804  INFO 96702 --- [           main] o.hibernate.annotations.common.Version   : HCANN000001: Hibernate Commons Annotations {5.0.4.Final}
2021-06-26 14:54:47.941  INFO 96702 --- [           main] org.hibernate.dialect.Dialect            : HHH000400: Using dialect: org.hibernate.dialect.H2Dialect
2021-06-26 14:54:48.670  INFO 96702 --- [           main] j.LocalContainerEntityManagerFactoryBean : Initialized JPA EntityManagerFactory for persistence unit 'default'
2021-06-26 14:54:49.344  WARN 96702 --- [           main] aWebConfiguration$JpaWebMvcConfiguration : spring.jpa.open-in-view is enabled by default. Therefore, database queries may be performed during view rendering. Explicitly configure spring.jpa.open-in-view to disable this warning
2021-06-26 14:54:49.444  INFO 96702 --- [           main] o.s.s.web.DefaultSecurityFilterChain     : Creating filter chain: any request, [org.springframework.security.web.context.request.async.WebAsyncManagerIntegrationFilter@11174bf, org.springframework.security.web.context.SecurityContextPersistenceFilter@4c0930c4, org.springframework.security.web.header.HeaderWriterFilter@3be369fc, org.springframework.web.filter.CorsFilter@4f0c1409, org.springframework.security.web.authentication.logout.LogoutFilter@5d20195b, com.example.demo.security.JWTAuthenticationFilter@188ae8d2, com.example.demo.security.JWTAuthenticationVerficationFilter@7a522157, org.springframework.security.web.savedrequest.RequestCacheAwareFilter@7cf66cf9, org.springframework.security.web.servletapi.SecurityContextHolderAwareRequestFilter@6e617c0e, org.springframework.security.web.authentication.AnonymousAuthenticationFilter@706c062e, org.springframework.security.web.session.SessionManagementFilter@6fbcc078, org.springframework.security.web.access.ExceptionTranslationFilter@2ed84be9, org.springframework.security.web.access.intercept.FilterSecurityInterceptor@51c6e775]
2021-06-26 14:54:49.622  INFO 96702 --- [           main] o.s.s.concurrent.ThreadPoolTaskExecutor  : Initializing ExecutorService 'applicationTaskExecutor'
2021-06-26 14:54:50.102  INFO 96702 --- [           main] o.s.b.w.embedded.tomcat.TomcatWebServer  : Tomcat started on port(s): 8080 (http) with context path ''
2021-06-26 14:54:50.105  INFO 96702 --- [           main] com.example.demo.SareetaApplication      : Started SareetaApplication in 5.701 seconds (JVM running for 6.191)
2021-06-26 14:55:15.881  INFO 96702 --- [nio-8080-exec-2] o.a.c.c.C.[Tomcat].[localhost].[/]       : Initializing Spring DispatcherServlet 'dispatcherServlet'
2021-06-26 14:55:15.881  INFO 96702 --- [nio-8080-exec-2] o.s.web.servlet.DispatcherServlet        : Initializing Servlet 'dispatcherServlet'
2021-06-26 14:55:15.889  INFO 96702 --- [nio-8080-exec-2] o.s.web.servlet.DispatcherServlet        : Completed initialization in 8 ms
2021-06-26 14:55:16.200  INFO 96702 --- [nio-8080-exec-2] c.e.demo.controllers.UserController      : New user created
2021-06-26 14:55:19.384 ERROR 96702 --- [nio-8080-exec-3] c.e.demo.controllers.UserController      : Password too short or incorrect
2021-06-26 14:55:22.352  INFO 96702 --- [nio-8080-exec-5] o.h.h.i.QueryTranslatorFactoryInitiator  : HHH000397: Using ASTQueryTranslatorFactory
2021-06-26 14:55:45.962  INFO 96702 --- [nio-8080-exec-6] c.e.demo.controllers.CartController      : Item added to cart
2021-06-26 15:04:40.880  INFO 96702 --- [nio-8080-exec-3] c.e.demo.controllers.CartController      : Item removed to cart
2021-06-26 15:04:56.571 ERROR 96702 --- [nio-8080-exec-4] c.e.demo.controllers.CartController      : Item not found
2021-06-26 15:06:05.995  WARN 96702 --- [nio-8080-exec-7] .w.s.m.s.DefaultHandlerExceptionResolver : Resolved [org.springframework.web.HttpRequestMethodNotSupportedException: Request method 'GET' not supported]
2021-06-26 15:06:12.081  INFO 96702 --- [nio-8080-exec-8] c.e.demo.controllers.OrderController     : Order sumbitted
2021-06-26 15:06:41.812 ERROR 96702 --- [nio-8080-exec-9] c.e.demo.controllers.OrderController     : User not found
2021-06-26 15:06:53.834  WARN 96702 --- [io-8080-exec-10] .w.s.m.s.DefaultHandlerExceptionResolver : Resolved [org.springframework.web.HttpRequestMethodNotSupportedException: Request method 'POST' not supported]
2021-06-26 15:06:57.980  INFO 96702 --- [nio-8080-exec-1] c.e.demo.controllers.OrderController     : Orders of user: test
